# JRE version: Java(TM) SE Runtime Environment (8.0-b132) (build 1.8.0-b132)
# Java VM: Java HotSpot(TM) Server VM (25.0-b70 mixed mode linux-arm )
Heap:
 par new generation   total 4864K, used 4864K [0x33800000, 0x33d40000, 0x37800000)
  eden space 4352K, 100% used [0x33800000, 0x33c40000, 0x33c40000)
  from space 512K, 100% used [0x33cc0000, 0x33d40000, 0x33d40000)
  to   space 512K,   0% used [0x33c40000, 0x33c40000, 0x33cc0000)
 concurrent mark-sweep generation total 284788K, used 256137K [0x37800000, 0x48e1d000, 0x73800000)
 Metaspace       used 20919K, capacity 21114K, committed 21144K, reserved 21808K
GC Heap History (10 events):
Event: 171.410 GC heap before
{Heap before GC invocations=228 (full 9):
 par new generation   total 4864K, used 4864K [0x33800000, 0x33d40000, 0x37800000)
  eden space 4352K, 100% used [0x33800000, 0x33c40000, 0x33c40000)
  from space 512K, 100% used [0x33c40000, 0x33cc0000, 0x33cc0000)
  to   space 512K,   0% used [0x33cc0000, 0x33cc0000, 0x33d40000)
 concurrent mark-sweep generation total 284788K, used 245691K [0x37800000, 0x48e1d000, 0x73800000)
 Metaspace       used 20532K, capacity 20696K, committed 20760K, reserved 20784K
Event: 171.435 GC heap after
Heap after GC invocations=229 (full 9):
 par new generation   total 4864K, used 510K [0x33800000, 0x33d40000, 0x37800000)
  eden space 4352K,   0% used [0x33800000, 0x33800000, 0x33c40000)
  from space 512K,  99% used [0x33cc0000, 0x33d3fb50, 0x33d40000)
  to   space 512K,   0% used [0x33c40000, 0x33c40000, 0x33cc0000)
 concurrent mark-sweep generation total 284788K, used 246452K [0x37800000, 0x48e1d000, 0x73800000)
 Metaspace       used 20532K, capacity 20696K, committed 20760K, reserved 20784K
}
Event: 172.323 GC heap before
{Heap before GC invocations=229 (full 9):
 par new generation   total 4864K, used 4862K [0x33800000, 0x33d40000, 0x37800000)
  eden space 4352K, 100% used [0x33800000, 0x33c40000, 0x33c40000)
  from space 512K,  99% used [0x33cc0000, 0x33d3fb50, 0x33d40000)
  to   space 512K,   0% used [0x33c40000, 0x33c40000, 0x33cc0000)
 concurrent mark-sweep generation total 284788K, used 246452K [0x37800000, 0x48e1d000, 0x73800000)
 Metaspace       used 20850K, capacity 21048K, committed 21144K, reserved 21808K
Event: 172.377 GC heap after
Heap after GC invocations=230 (full 9):
 par new generation   total 4864K, used 512K [0x33800000, 0x33d40000, 0x37800000)
  eden space 4352K,   0% used [0x33800000, 0x33800000, 0x33c40000)
  from space 512K, 100% used [0x33c40000, 0x33cc0000, 0x33cc0000)
  to   space 512K,   0% used [0x33cc0000, 0x33cc0000, 0x33d40000)
 concurrent mark-sweep generation total 284788K, used 248603K [0x37800000, 0x48e1d000, 0x73800000)
 Metaspace       used 20850K, capacity 21048K, committed 21144K, reserved 21808K
}
Event: 172.484 GC heap before
{Heap before GC invocations=230 (full 9):
 par new generation   total 4864K, used 4864K [0x33800000, 0x33d40000, 0x37800000)
  eden space 4352K, 100% used [0x33800000, 0x33c40000, 0x33c40000)
  from space 512K, 100% used [0x33c40000, 0x33cc0000, 0x33cc0000)
  to   space 512K,   0% used [0x33cc0000, 0x33cc0000, 0x33d40000)
 concurrent mark-sweep generation total 284788K, used 248603K [0x37800000, 0x48e1d000, 0x73800000)
 Metaspace       used 20850K, capacity 21048K, committed 21144K, reserved 21808K
Event: 172.506 GC heap after
Heap after GC invocations=231 (full 9):
 par new generation   total 4864K, used 512K [0x33800000, 0x33d40000, 0x37800000)
  eden space 4352K,   0% used [0x33800000, 0x33800000, 0x33c40000)
  from space 512K, 100% used [0x33cc0000, 0x33d40000, 0x33d40000)
  to   space 512K,   0% used [0x33c40000, 0x33c40000, 0x33cc0000)
 concurrent mark-sweep generation total 284788K, used 251134K [0x37800000, 0x48e1d000, 0x73800000)
 Metaspace       used 20850K, capacity 21048K, committed 21144K, reserved 21808K
}
Event: 172.596 GC heap before
{Heap before GC invocations=231 (full 9):
 par new generation   total 4864K, used 4864K [0x33800000, 0x33d40000, 0x37800000)
  eden space 4352K, 100% used [0x33800000, 0x33c40000, 0x33c40000)
  from space 512K, 100% used [0x33cc0000, 0x33d40000, 0x33d40000)
  to   space 512K,   0% used [0x33c40000, 0x33c40000, 0x33cc0000)
 concurrent mark-sweep generation total 284788K, used 251134K [0x37800000, 0x48e1d000, 0x73800000)
 Metaspace       used 20873K, capacity 21048K, committed 21144K, reserved 21808K
Event: 172.616 GC heap after
Heap after GC invocations=232 (full 9):
 par new generation   total 4864K, used 512K [0x33800000, 0x33d40000, 0x37800000)
  eden space 4352K,   0% used [0x33800000, 0x33800000, 0x33c40000)
  from space 512K, 100% used [0x33c40000, 0x33cc0000, 0x33cc0000)
  to   space 512K,   0% used [0x33cc0000, 0x33cc0000, 0x33d40000)
 concurrent mark-sweep generation total 284788K, used 253687K [0x37800000, 0x48e1d000, 0x73800000)
 Metaspace       used 20873K, capacity 21048K, committed 21144K, reserved 21808K
}
Event: 172.715 GC heap before
{Heap before GC invocations=232 (full 9):
 par new generation   total 4864K, used 4864K [0x33800000, 0x33d40000, 0x37800000)
  eden space 4352K, 100% used [0x33800000, 0x33c40000, 0x33c40000)
  from space 512K, 100% used [0x33c40000, 0x33cc0000, 0x33cc0000)
  to   space 512K,   0% used [0x33cc0000, 0x33cc0000, 0x33d40000)
 concurrent mark-sweep generation total 284788K, used 253687K [0x37800000, 0x48e1d000, 0x73800000)
 Metaspace       used 20897K, capacity 21082K, committed 21144K, reserved 21808K
Event: 172.745 GC heap after
Heap after GC invocations=233 (full 9):
 par new generation   total 4864K, used 512K [0x33800000, 0x33d40000, 0x37800000)
  eden space 4352K,   0% used [0x33800000, 0x33800000, 0x33c40000)
  from space 512K, 100% used [0x33cc0000, 0x33d40000, 0x33d40000)
  to   space 512K,   0% used [0x33c40000, 0x33c40000, 0x33cc0000)
 concurrent mark-sweep generation total 284788K, used 256137K [0x37800000, 0x48e1d000, 0x73800000)
 Metaspace       used 20897K, capacity 21082K, committed 21144K, reserved 21808K
}

