# JRE version: Java(TM) SE Runtime Environment (8.0-b132) (build 1.8.0-b132)
# Java VM: Java HotSpot(TM) Server VM (25.0-b70 mixed mode linux-arm )
Heap:
 par new generation   total 59008K, used 48719K [0x33800000, 0x37800000, 0x37800000)
  eden space 52480K,  90% used [0x33800000, 0x36649ae0, 0x36b40000)
  from space 6528K,  20% used [0x36b40000, 0x36c8a488, 0x371a0000)
  to   space 6528K,   0% used [0x371a0000, 0x371a0000, 0x37800000)
 concurrent mark-sweep generation total 281984K, used 142005K [0x37800000, 0x48b60000, 0x73800000)
 Metaspace       used 21377K, capacity 21565K, committed 21656K, reserved 21808K
GC Heap History (10 events):
Event: 5356.625 GC heap before
{Heap before GC invocations=876 (full 14):
 par new generation   total 59008K, used 53360K [0x33800000, 0x37800000, 0x37800000)
  eden space 52480K, 100% used [0x33800000, 0x36b40000, 0x36b40000)
  from space 6528K,  13% used [0x371a0000, 0x3727c350, 0x37800000)
  to   space 6528K,   0% used [0x36b40000, 0x36b40000, 0x371a0000)
 concurrent mark-sweep generation total 281984K, used 141653K [0x37800000, 0x48b60000, 0x73800000)
 Metaspace       used 21377K, capacity 21565K, committed 21656K, reserved 21808K
Event: 5356.681 GC heap after
Heap after GC invocations=877 (full 14):
 par new generation   total 59008K, used 1514K [0x33800000, 0x37800000, 0x37800000)
  eden space 52480K,   0% used [0x33800000, 0x33800000, 0x36b40000)
  from space 6528K,  23% used [0x36b40000, 0x36cba9c0, 0x371a0000)
  to   space 6528K,   0% used [0x371a0000, 0x371a0000, 0x37800000)
 concurrent mark-sweep generation total 281984K, used 141653K [0x37800000, 0x48b60000, 0x73800000)
 Metaspace       used 21377K, capacity 21565K, committed 21656K, reserved 21808K
}
Event: 5361.689 GC heap before
{Heap before GC invocations=877 (full 14):
 par new generation   total 59008K, used 53994K [0x33800000, 0x37800000, 0x37800000)
  eden space 52480K, 100% used [0x33800000, 0x36b40000, 0x36b40000)
  from space 6528K,  23% used [0x36b40000, 0x36cba9c0, 0x371a0000)
  to   space 6528K,   0% used [0x371a0000, 0x371a0000, 0x37800000)
 concurrent mark-sweep generation total 281984K, used 141653K [0x37800000, 0x48b60000, 0x73800000)
 Metaspace       used 21377K, capacity 21565K, committed 21656K, reserved 21808K
Event: 5361.724 GC heap after
Heap after GC invocations=878 (full 14):
 par new generation   total 59008K, used 1546K [0x33800000, 0x37800000, 0x37800000)
  eden space 52480K,   0% used [0x33800000, 0x33800000, 0x36b40000)
  from space 6528K,  23% used [0x371a0000, 0x37322848, 0x37800000)
  to   space 6528K,   0% used [0x36b40000, 0x36b40000, 0x371a0000)
 concurrent mark-sweep generation total 281984K, used 141653K [0x37800000, 0x48b60000, 0x73800000)
 Metaspace       used 21377K, capacity 21565K, committed 21656K, reserved 21808K
}
Event: 5366.745 GC heap before
{Heap before GC invocations=878 (full 14):
 par new generation   total 59008K, used 54026K [0x33800000, 0x37800000, 0x37800000)
  eden space 52480K, 100% used [0x33800000, 0x36b40000, 0x36b40000)
  from space 6528K,  23% used [0x371a0000, 0x37322848, 0x37800000)
  to   space 6528K,   0% used [0x36b40000, 0x36b40000, 0x371a0000)
 concurrent mark-sweep generation total 281984K, used 141653K [0x37800000, 0x48b60000, 0x73800000)
 Metaspace       used 21377K, capacity 21565K, committed 21656K, reserved 21808K
Event: 5366.766 GC heap after
Heap after GC invocations=879 (full 14):
 par new generation   total 59008K, used 1604K [0x33800000, 0x37800000, 0x37800000)
  eden space 52480K,   0% used [0x33800000, 0x33800000, 0x36b40000)
  from space 6528K,  24% used [0x36b40000, 0x36cd13d0, 0x371a0000)
  to   space 6528K,   0% used [0x371a0000, 0x371a0000, 0x37800000)
 concurrent mark-sweep generation total 281984K, used 141653K [0x37800000, 0x48b60000, 0x73800000)
 Metaspace       used 21377K, capacity 21565K, committed 21656K, reserved 21808K
}
Event: 5372.006 GC heap before
{Heap before GC invocations=879 (full 14):
 par new generation   total 59008K, used 54084K [0x33800000, 0x37800000, 0x37800000)
  eden space 52480K, 100% used [0x33800000, 0x36b40000, 0x36b40000)
  from space 6528K,  24% used [0x36b40000, 0x36cd13d0, 0x371a0000)
  to   space 6528K,   0% used [0x371a0000, 0x371a0000, 0x37800000)
 concurrent mark-sweep generation total 281984K, used 141653K [0x37800000, 0x48b60000, 0x73800000)
 Metaspace       used 21377K, capacity 21565K, committed 21656K, reserved 21808K
Event: 5372.032 GC heap after
Heap after GC invocations=880 (full 14):
 par new generation   total 59008K, used 1521K [0x33800000, 0x37800000, 0x37800000)
  eden space 52480K,   0% used [0x33800000, 0x33800000, 0x36b40000)
  from space 6528K,  23% used [0x371a0000, 0x3731c400, 0x37800000)
  to   space 6528K,   0% used [0x36b40000, 0x36b40000, 0x371a0000)
 concurrent mark-sweep generation total 281984K, used 141720K [0x37800000, 0x48b60000, 0x73800000)
 Metaspace       used 21377K, capacity 21565K, committed 21656K, reserved 21808K
}
Event: 5377.143 GC heap before
{Heap before GC invocations=880 (full 14):
 par new generation   total 59008K, used 54001K [0x33800000, 0x37800000, 0x37800000)
  eden space 52480K, 100% used [0x33800000, 0x36b40000, 0x36b40000)
  from space 6528K,  23% used [0x371a0000, 0x3731c400, 0x37800000)
  to   space 6528K,   0% used [0x36b40000, 0x36b40000, 0x371a0000)
 concurrent mark-sweep generation total 281984K, used 141720K [0x37800000, 0x48b60000, 0x73800000)
 Metaspace       used 21377K, capacity 21565K, committed 21656K, reserved 21808K
Event: 5377.169 GC heap after
Heap after GC invocations=881 (full 14):
 par new generation   total 59008K, used 1321K [0x33800000, 0x37800000, 0x37800000)
  eden space 52480K,   0% used [0x33800000, 0x33800000, 0x36b40000)
  from space 6528K,  20% used [0x36b40000, 0x36c8a488, 0x371a0000)
  to   space 6528K,   0% used [0x371a0000, 0x371a0000, 0x37800000)
 concurrent mark-sweep generation total 281984K, used 142005K [0x37800000, 0x48b60000, 0x73800000)
 Metaspace       used 21377K, capacity 21565K, committed 21656K, reserved 21808K
}

